# JRE version: OpenJDK Runtime Environment (8.0_131-b11) (build 1.8.0_131-8u131-b11-2ubuntu1.16.04.3-b11)
# Java VM: OpenJDK 64-Bit Server VM (25.131-b11 mixed mode linux-amd64 compressed oops)
Heap:
 PSYoungGen      total 415232K, used 98290K [0x0000000719300000, 0x000000073ac80000, 0x00000007c0000000)
  eden space 316928K, 0% used [0x0000000719300000,0x0000000719300000,0x000000072c880000)
  from space 98304K, 99% used [0x000000072c880000,0x000000073287cb30,0x0000000732880000)
  to   space 51712K, 0% used [0x0000000732880000,0x0000000732880000,0x0000000735b00000)
 ParOldGen       total 299520K, used 251288K [0x00000005cb800000, 0x00000005ddc80000, 0x0000000719300000)
  object space 299520K, 83% used [0x00000005cb800000,0x00000005dad663d0,0x00000005ddc80000)
 Metaspace       used 40293K, capacity 41096K, committed 41216K, reserved 1083392K
  class space    used 6744K, capacity 6841K, committed 6912K, reserved 1048576K
GC Heap History (10 events):
Event: 1.571 GC heap after
Heap after GC invocations=4 (full 1):
 PSYoungGen      total 150016K, used 20980K [0x0000000719300000, 0x000000072a880000, 0x00000007c0000000)
  eden space 129024K, 0% used [0x0000000719300000,0x0000000719300000,0x0000000721100000)
  from space 20992K, 99% used [0x0000000721100000,0x000000072257d050,0x0000000722580000)
  to   space 20992K, 0% used [0x0000000729400000,0x0000000729400000,0x000000072a880000)
 ParOldGen       total 150528K, used 25169K [0x00000005cb800000, 0x00000005d4b00000, 0x0000000719300000)
  object space 150528K, 16% used [0x00000005cb800000,0x00000005cd094748,0x00000005d4b00000)
 Metaspace       used 29440K, capacity 29652K, committed 29824K, reserved 1075200K
  class space    used 4641K, capacity 4715K, committed 4736K, reserved 1048576K
}
Event: 2.002 GC heap before
{Heap before GC invocations=5 (full 1):
 PSYoungGen      total 150016K, used 125107K [0x0000000719300000, 0x000000072a880000, 0x00000007c0000000)
  eden space 129024K, 80% used [0x0000000719300000,0x000000071f8afd90,0x0000000721100000)
  from space 20992K, 99% used [0x0000000721100000,0x000000072257d050,0x0000000722580000)
  to   space 20992K, 0% used [0x0000000729400000,0x0000000729400000,0x000000072a880000)
 ParOldGen       total 150528K, used 25169K [0x00000005cb800000, 0x00000005d4b00000, 0x0000000719300000)
  object space 150528K, 16% used [0x00000005cb800000,0x00000005cd094748,0x00000005d4b00000)
 Metaspace       used 35557K, capacity 35904K, committed 36048K, reserved 1079296K
  class space    used 5926K, capacity 6005K, committed 6016K, reserved 1048576K
Event: 2.032 GC heap after
Heap after GC invocations=5 (full 1):
 PSYoungGen      total 261120K, used 20963K [0x0000000719300000, 0x000000072a880000, 0x00000007c0000000)
  eden space 240128K, 0% used [0x0000000719300000,0x0000000719300000,0x0000000727d80000)
  from space 20992K, 99% used [0x0000000729400000,0x000000072a878db0,0x000000072a880000)
  to   space 20992K, 0% used [0x0000000727f80000,0x0000000727f80000,0x0000000729400000)
 ParOldGen       total 150528K, used 50172K [0x00000005cb800000, 0x00000005d4b00000, 0x0000000719300000)
  object space 150528K, 33% used [0x00000005cb800000,0x00000005ce8ff200,0x00000005d4b00000)
 Metaspace       used 35557K, capacity 35904K, committed 36048K, reserved 1079296K
  class space    used 5926K, capacity 6005K, committed 6016K, reserved 1048576K
}
Event: 2.032 GC heap before
{Heap before GC invocations=6 (full 2):
 PSYoungGen      total 261120K, used 20963K [0x0000000719300000, 0x000000072a880000, 0x00000007c0000000)
  eden space 240128K, 0% used [0x0000000719300000,0x0000000719300000,0x0000000727d80000)
  from space 20992K, 99% used [0x0000000729400000,0x000000072a878db0,0x000000072a880000)
  to   space 20992K, 0% used [0x0000000727f80000,0x0000000727f80000,0x0000000729400000)
 ParOldGen       total 150528K, used 50172K [0x00000005cb800000, 0x00000005d4b00000, 0x0000000719300000)
  object space 150528K, 33% used [0x00000005cb800000,0x00000005ce8ff200,0x00000005d4b00000)
 Metaspace       used 35557K, capacity 35904K, committed 36048K, reserved 1079296K
  class space    used 5926K, capacity 6005K, committed 6016K, reserved 1048576K
Event: 2.204 GC heap after
Heap after GC invocations=6 (full 2):
 PSYoungGen      total 261120K, used 0K [0x0000000719300000, 0x000000072a880000, 0x00000007c0000000)
  eden space 240128K, 0% used [0x0000000719300000,0x0000000719300000,0x0000000727d80000)
  from space 20992K, 0% used [0x0000000729400000,0x0000000729400000,0x000000072a880000)
  to   space 20992K, 0% used [0x0000000727f80000,0x0000000727f80000,0x0000000729400000)
 ParOldGen       total 299520K, used 65132K [0x00000005cb800000, 0x00000005ddc80000, 0x0000000719300000)
  object space 299520K, 21% used [0x00000005cb800000,0x00000005cf79b348,0x00000005ddc80000)
 Metaspace       used 35549K, capacity 35892K, committed 36048K, reserved 1079296K
  class space    used 5924K, capacity 6001K, committed 6016K, reserved 1048576K
}
Event: 2.794 GC heap before
{Heap before GC invocations=7 (full 2):
 PSYoungGen      total 261120K, used 240128K [0x0000000719300000, 0x000000072a880000, 0x00000007c0000000)
  eden space 240128K, 100% used [0x0000000719300000,0x0000000727d80000,0x0000000727d80000)
  from space 20992K, 0% used [0x0000000729400000,0x0000000729400000,0x000000072a880000)
  to   space 20992K, 0% used [0x0000000727f80000,0x0000000727f80000,0x0000000729400000)
 ParOldGen       total 299520K, used 65132K [0x00000005cb800000, 0x00000005ddc80000, 0x0000000719300000)
  object space 299520K, 21% used [0x00000005cb800000,0x00000005cf79b348,0x00000005ddc80000)
 Metaspace       used 38730K, capacity 39510K, committed 39808K, reserved 1083392K
  class space    used 6606K, capacity 6702K, committed 6784K, reserved 1048576K
Event: 2.813 GC heap after
Heap after GC invocations=7 (full 2):
 PSYoungGen      total 263168K, used 20968K [0x0000000719300000, 0x0000000735b00000, 0x00000007c0000000)
  eden space 242176K, 0% used [0x0000000719300000,0x0000000719300000,0x0000000727f80000)
  from space 20992K, 99% used [0x0000000727f80000,0x00000007293fa348,0x0000000729400000)
  to   space 51712K, 0% used [0x0000000732880000,0x0000000732880000,0x0000000735b00000)
 ParOldGen       total 299520K, used 70067K [0x00000005cb800000, 0x00000005ddc80000, 0x0000000719300000)
  object space 299520K, 23% used [0x00000005cb800000,0x00000005cfc6cd28,0x00000005ddc80000)
 Metaspace       used 38730K, capacity 39510K, committed 39808K, reserved 1083392K
  class space    used 6606K, capacity 6702K, committed 6784K, reserved 1048576K
}
Event: 7.531 GC heap before
{Heap before GC invocations=8 (full 2):
 PSYoungGen      total 263168K, used 263144K [0x0000000719300000, 0x0000000735b00000, 0x00000007c0000000)
  eden space 242176K, 100% used [0x0000000719300000,0x0000000727f80000,0x0000000727f80000)
  from space 20992K, 99% used [0x0000000727f80000,0x00000007293fa348,0x0000000729400000)
  to   space 51712K, 0% used [0x0000000732880000,0x0000000732880000,0x0000000735b00000)
 ParOldGen       total 299520K, used 70067K [0x00000005cb800000, 0x00000005ddc80000, 0x0000000719300000)
  object space 299520K, 23% used [0x00000005cb800000,0x00000005cfc6cd28,0x00000005ddc80000)
 Metaspace       used 40090K, capacity 40968K, committed 41216K, reserved 1083392K
  class space    used 6743K, capacity 6841K, committed 6912K, reserved 1048576K
Event: 7.629 GC heap after
Heap after GC invocations=8 (full 2):
 PSYoungGen      total 368640K, used 51698K [0x0000000719300000, 0x000000073ac80000, 0x00000007c0000000)
  eden space 316928K, 0% used [0x0000000719300000,0x0000000719300000,0x000000072c880000)
  from space 51712K, 99% used [0x0000000732880000,0x0000000735afcb30,0x0000000735b00000)
  to   space 98304K, 0% used [0x000000072c880000,0x000000072c880000,0x0000000732880000)
 ParOldGen       total 299520K, used 134432K [0x00000005cb800000, 0x00000005ddc80000, 0x0000000719300000)
  object space 299520K, 44% used [0x00000005cb800000,0x00000005d3b483d0,0x00000005ddc80000)
 Metaspace       used 40090K, capacity 40968K, committed 41216K, reserved 1083392K
  class space    used 6743K, capacity 6841K, committed 6912K, reserved 1048576K
}
Event: 15.207 GC heap before
{Heap before GC invocations=9 (full 2):
 PSYoungGen      total 368640K, used 368626K [0x0000000719300000, 0x000000073ac80000, 0x00000007c0000000)
  eden space 316928K, 100% used [0x0000000719300000,0x000000072c880000,0x000000072c880000)
  from space 51712K, 99% used [0x0000000732880000,0x0000000735afcb30,0x0000000735b00000)
  to   space 98304K, 0% used [0x000000072c880000,0x000000072c880000,0x0000000732880000)
 ParOldGen       total 299520K, used 134432K [0x00000005cb800000, 0x00000005ddc80000, 0x0000000719300000)
  object space 299520K, 44% used [0x00000005cb800000,0x00000005d3b483d0,0x00000005ddc80000)
 Metaspace       used 40293K, capacity 41096K, committed 41216K, reserved 1083392K
  class space    used 6744K, capacity 6841K, committed 6912K, reserved 1048576K

